<?xml version="1.0" encoding="UTF-8"?>
<testng-results ignored="0" total="2" passed="2" failed="0" skipped="0">
  <reporter-output>
  </reporter-output>
  <suite started-at="2024-11-20T15:04:07 PKT" name="Default suite" finished-at="2024-11-20T15:06:03 PKT" duration-ms="116193">
    <groups>
      <group name="smokeTests">
        <method signature="bradReportPage.dropdownVisible()[pri:0, instance:webAutomationGA.Tests.bradReportPage@411f53a0]" name="dropdownVisible" class="webAutomationGA.Tests.bradReportPage"/>
        <method signature="bradReportPage.availableColumnValues()[pri:1, instance:webAutomationGA.Tests.bradReportPage@411f53a0]" name="availableColumnValues" class="webAutomationGA.Tests.bradReportPage"/>
      </group> <!-- smokeTests -->
    </groups>
    <test started-at="2024-11-20T15:04:07 PKT" name="Default test" finished-at="2024-11-20T15:06:03 PKT" duration-ms="116193">
      <class name="webAutomationGA.Tests.bradReportPage">
        <test-method is-config="true" signature="launchApplication()[pri:0, instance:webAutomationGA.Tests.bradReportPage@411f53a0]" started-at="2024-11-20T15:04:07 PKT" name="launchApplication" finished-at="2024-11-20T15:04:12 PKT" duration-ms="4869" status="PASS">
          <reporter-output>
          </reporter-output>
        </test-method> <!-- launchApplication -->
        <test-method is-config="true" signature="setup()[pri:0, instance:webAutomationGA.Tests.bradReportPage@411f53a0]" started-at="2024-11-20T15:04:12 PKT" name="setup" finished-at="2024-11-20T15:05:57 PKT" duration-ms="105532" status="PASS">
          <reporter-output>
          </reporter-output>
        </test-method> <!-- setup -->
        <test-method signature="dropdownVisible()[pri:0, instance:webAutomationGA.Tests.bradReportPage@411f53a0]" started-at="2024-11-20T15:05:57 PKT" name="dropdownVisible" description="Verify brad report dropdowns are present" finished-at="2024-11-20T15:06:01 PKT" duration-ms="4051" status="PASS">
          <reporter-output>
          </reporter-output>
        </test-method> <!-- dropdownVisible -->
        <test-method signature="availableColumnValues()[pri:1, instance:webAutomationGA.Tests.bradReportPage@411f53a0]" started-at="2024-11-20T15:06:01 PKT" name="availableColumnValues" description="Verify values under available columns are present" finished-at="2024-11-20T15:06:03 PKT" duration-ms="1242" status="PASS">
          <reporter-output>
          </reporter-output>
        </test-method> <!-- availableColumnValues -->
        <test-method is-config="true" signature="closeBrowser()[pri:0, instance:webAutomationGA.Tests.bradReportPage@411f53a0]" started-at="2024-11-20T15:06:03 PKT" name="closeBrowser" finished-at="2024-11-20T15:06:03 PKT" duration-ms="423" status="PASS">
          <reporter-output>
          </reporter-output>
        </test-method> <!-- closeBrowser -->
      </class> <!-- webAutomationGA.Tests.bradReportPage -->
    </test> <!-- Default test -->
  </suite> <!-- Default suite -->
</testng-results>
